<?xml version="1.0" encoding="UTF-8"?>
<testsuite name="JUnit Jupiter" tests="1" skipped="0" failures="0" errors="0" time="0.028" hostname="Conors-MacBook-Pro.local" timestamp="2025-03-03T22:33:44">
<properties>
[...]
</properties>
<testcase name="testItWorks()" classname="com.youtubeaudiomicronaut.YoutubeAudioMicronautTest" time="0">
<system-out><![CDATA[
unique-id: [engine:junit-jupiter]/[class:com.youtubeaudiomicronaut.YoutubeAudioMicronautTest]/[method:testItWorks()]
display-name: testItWorks()
]]></system-out>
</testcase>
<system-out><![CDATA[
unique-id: [engine:junit-jupiter]
display-name: JUnit Jupiter
]]></system-out>
</testsuite>
